Start testing: Mar 09 22:36 GMT
----------------------------------------------------------
1/14 Testing: Phase1Tests
1/14 Test: Phase1Tests
Command: "/Users/paramsaini/Desktop/siliconforge/build/tests/test_phase1"
Directory: /Users/paramsaini/Desktop/siliconforge/build/tests
"Phase1Tests" start time: Mar 09 22:36 GMT
Output:
----------------------------------------------------------

╔══════════════════════════════════════════════════╗
║  SiliconForge Phase 1 — Test Suite               ║
╚══════════════════════════════════════════════════╝

── 4-State Logic ──
Running: logic4_truth_tables
  [PASS] logic4_truth_tables
Running: bitvector_basic
  [PASS] bitvector_basic

── And-Inverter Graph ──
Running: aig_construction
  [PASS] aig_construction
Running: aig_simplification
  [PASS] aig_simplification
Running: aig_evaluation
  [PASS] aig_evaluation
Running: aig_xor_mux
  [PASS] aig_xor_mux
Running: aigvec_adder
  [PASS] aigvec_adder

── CDCL SAT Solver ──
Running: sat_trivial
  [PASS] sat_trivial
Running: sat_unsat
  [PASS] sat_unsat
Running: sat_3vars
  [PASS] sat_3vars
Running: sat_pigeonhole_2_1
  [PASS] sat_pigeonhole_2_1

── Tseitin Encoding ──
Running: tseitin_and_gate
  [PASS] tseitin_and_gate

── Equivalence Checker ──
Running: equiv_identical
  [PASS] equiv_identical
Running: equiv_demorgan
  [PASS] equiv_demorgan
Running: equiv_not_equal
  [PASS] equiv_not_equal
Running: equiv_8bit_mux
  [PASS] equiv_8bit_mux

── Bounded Model Checking ──
Running: bmc_counter_overflow
  [PASS] bmc_counter_overflow

══════════════════════════════════════════════════
  Results: 17 passed, 0 failed
══════════════════════════════════════════════════

<end of output>
Test time =   0.45 sec
----------------------------------------------------------
Test Passed.
"Phase1Tests" end time: Mar 09 22:36 GMT
"Phase1Tests" time elapsed: 00:00:00
----------------------------------------------------------

2/14 Testing: Phase2Tests
2/14 Test: Phase2Tests
Command: "/Users/paramsaini/Desktop/siliconforge/build/tests/test_phase2"
Directory: /Users/paramsaini/Desktop/siliconforge/build/tests
"Phase2Tests" start time: Mar 09 22:36 GMT
Output:
----------------------------------------------------------

╔══════════════════════════════════════════════════╗
║  SiliconForge Phase 2 — Test Suite               ║
╚══════════════════════════════════════════════════╝

── Netlist ──
Running: netlist_basic
  [PASS] netlist_basic
Running: netlist_eval_gate
  [PASS] netlist_eval_gate
Running: netlist_counter
  [PASS] netlist_counter

── Event-Driven Simulator ──
Running: sim_and_gate
  [PASS] sim_and_gate
Running: sim_vcd_output
  [PASS] sim_vcd_output

── Lint Engine ──
Running: lint_clean_circuit
  [PASS] lint_clean_circuit
Running: lint_undriven_net
  [PASS] lint_undriven_net

── k-Induction ──
Running: k_induction_safe
  [PASS] k_induction_safe
Running: k_induction_unsafe
  [PASS] k_induction_unsafe

── PODEM ATPG ──
Running: podem_and_gate
  [PASS] podem_and_gate
Running: podem_full_coverage
  [PASS] podem_full_coverage

── Fault Simulator ──
Running: fault_sim_basic
  [PASS] fault_sim_basic

══════════════════════════════════════════════════
  Results: 12 passed, 0 failed
══════════════════════════════════════════════════

<end of output>
Test time =   0.48 sec
----------------------------------------------------------
Test Passed.
"Phase2Tests" end time: Mar 09 22:36 GMT
"Phase2Tests" time elapsed: 00:00:00
----------------------------------------------------------

3/14 Testing: Phase3Tests
3/14 Test: Phase3Tests
Command: "/Users/paramsaini/Desktop/siliconforge/build/tests/test_phase3"
Directory: /Users/paramsaini/Desktop/siliconforge/build/tests
"Phase3Tests" start time: Mar 09 22:36 GMT
Output:
----------------------------------------------------------

╔══════════════════════════════════════════════════╗
║  SiliconForge Phase 3 — Test Suite               ║
╚══════════════════════════════════════════════════╝

── Liberty Parser ──
Running: liberty_parser
  [PASS] liberty_parser
Running: liberty_voltage
  [PASS] liberty_voltage

── AIG Optimizer ──
Running: aig_opt_depth
  [PASS] aig_opt_depth
Running: aig_opt_balance
  [PASS] aig_opt_balance
Running: aig_opt_sweep
  [PASS] aig_opt_sweep
Running: aig_opt_full
  [PASS] aig_opt_full

── Technology Mapper ──
Running: tech_map_simple
  [PASS] tech_map_simple
Running: tech_map_multi
  [PASS] tech_map_multi

── Scan Chain Insertion ──
Running: scan_insert_basic
  [PASS] scan_insert_basic
Running: scan_insert_multi_chain
  [PASS] scan_insert_multi_chain

══════════════════════════════════════════════════
  Results: 10 passed, 0 failed
══════════════════════════════════════════════════

<end of output>
Test time =   0.48 sec
----------------------------------------------------------
Test Passed.
"Phase3Tests" end time: Mar 09 22:36 GMT
"Phase3Tests" time elapsed: 00:00:00
----------------------------------------------------------

4/14 Testing: Phase4Tests
4/14 Test: Phase4Tests
Command: "/Users/paramsaini/Desktop/siliconforge/build/tests/test_phase4"
Directory: /Users/paramsaini/Desktop/siliconforge/build/tests
"Phase4Tests" start time: Mar 09 22:36 GMT
Output:
----------------------------------------------------------

╔══════════════════════════════════════════════════╗
║  SiliconForge Phase 4 — Test Suite               ║
╚══════════════════════════════════════════════════╝

── Physical Design ──
Running: physical_basic
  [PASS] physical_basic
Running: physical_hpwl
  [PASS] physical_hpwl
Running: physical_overlap
  [PASS] physical_overlap

── Analytical Placer ──
Running: placer_small
  [PASS] placer_small
Running: placer_medium
  [PASS] placer_medium

── Clock Tree Synthesis ──
Running: cts_basic
  [PASS] cts_basic

── GDSII Writer ──
Running: gdsii_def_output
  [PASS] gdsii_def_output
Running: gdsii_binary
  [PASS] gdsii_binary

══════════════════════════════════════════════════
  Results: 8 passed, 0 failed
══════════════════════════════════════════════════

<end of output>
Test time =   0.49 sec
----------------------------------------------------------
Test Passed.
"Phase4Tests" end time: Mar 09 22:36 GMT
"Phase4Tests" time elapsed: 00:00:00
----------------------------------------------------------

5/14 Testing: Phase5Tests
5/14 Test: Phase5Tests
Command: "/Users/paramsaini/Desktop/siliconforge/build/tests/test_phase5"
Directory: /Users/paramsaini/Desktop/siliconforge/build/tests
"Phase5Tests" start time: Mar 09 22:36 GMT
Output:
----------------------------------------------------------

╔══════════════════════════════════════════════════╗
║  SiliconForge Phase 5 — Test Suite               ║
╚══════════════════════════════════════════════════╝

── Static Timing Analysis ──
Running: sta_combinational
  [PASS] sta_combinational
Running: sta_sequential
  [PASS] sta_sequential
Running: sta_tight_timing
  [PASS] sta_tight_timing
Running: sta_relaxed_timing
  [PASS] sta_relaxed_timing

── Power Analysis ──
Running: power_basic
  [PASS] power_basic
Running: power_voltage_scaling
  [PASS] power_voltage_scaling

── Parasitic Extraction ──
Running: parasitics_basic
  [PASS] parasitics_basic
Running: parasitics_spef
  [PASS] parasitics_spef

── Global Router ──
Running: global_router_small
  [PASS] global_router_small
Running: global_router_medium
  [PASS] global_router_medium

── DEF Parser ──
Running: def_roundtrip
  [PASS] def_roundtrip

══════════════════════════════════════════════════
  Results: 11 passed, 0 failed
══════════════════════════════════════════════════

<end of output>
Test time =   0.47 sec
----------------------------------------------------------
Test Passed.
"Phase5Tests" end time: Mar 09 22:36 GMT
"Phase5Tests" time elapsed: 00:00:00
----------------------------------------------------------

6/14 Testing: Phase6Tests
6/14 Test: Phase6Tests
Command: "/Users/paramsaini/Desktop/siliconforge/build/tests/test_phase6"
Directory: /Users/paramsaini/Desktop/siliconforge/build/tests
"Phase6Tests" start time: Mar 09 22:36 GMT
Output:
----------------------------------------------------------

╔══════════════════════════════════════════════════╗
║  SiliconForge Phase 6 — Test Suite               ║
╚══════════════════════════════════════════════════╝

── Verilog Parser ──
Running: verilog_parse
  [PASS] verilog_parse
Running: verilog_export
  [PASS] verilog_export
Running: verilog_assign
  [PASS] verilog_assign

── DRC Engine ──
Running: drc_clean
  [PASS] drc_clean
Running: drc_violations
  [PASS] drc_violations

── LVS Checker ──
Running: lvs_match
  [PASS] lvs_match
Running: lvs_mismatch
  [PASS] lvs_mismatch

── Signal Integrity ──
Running: si_basic
  [PASS] si_basic

── IR Drop ──
Running: ir_drop_basic
  [PASS] ir_drop_basic
Running: ir_drop_hotspot
  [PASS] ir_drop_hotspot

══════════════════════════════════════════════════
  Results: 10 passed, 0 failed
══════════════════════════════════════════════════

<end of output>
Test time =   0.54 sec
----------------------------------------------------------
Test Passed.
"Phase6Tests" end time: Mar 09 22:36 GMT
"Phase6Tests" time elapsed: 00:00:00
----------------------------------------------------------

7/14 Testing: Phase7Tests
7/14 Test: Phase7Tests
Command: "/Users/paramsaini/Desktop/siliconforge/build/tests/test_phase7"
Directory: /Users/paramsaini/Desktop/siliconforge/build/tests
"Phase7Tests" start time: Mar 09 22:36 GMT
Output:
----------------------------------------------------------

╔══════════════════════════════════════════════════╗
║  SiliconForge Phase 7 — Test Suite               ║
╚══════════════════════════════════════════════════╝

── SDC Parser ──
Running: sdc_parse
  [PASS] sdc_parse
Running: sdc_export
  [PASS] sdc_export
Running: sdc_clock_lookup
  [PASS] sdc_clock_lookup

── ECO Engine ──
Running: eco_buffer
  [PASS] eco_buffer
Running: eco_replace
  [PASS] eco_replace

── Floorplanner ──
Running: floorplan_basic
  [PASS] floorplan_basic
Running: floorplan_export
  [PASS] floorplan_export

── OPC / Lithography ──
Running: opc_resolution
  [PASS] opc_resolution
Running: opc_corrections
  [PASS] opc_corrections

── PDN Analyzer ──
Running: pdn_basic
  [PASS] pdn_basic
Running: pdn_em_check
  [PASS] pdn_em_check

══════════════════════════════════════════════════
  Results: 11 passed, 0 failed
══════════════════════════════════════════════════

<end of output>
Test time =   0.49 sec
----------------------------------------------------------
Test Passed.
"Phase7Tests" end time: Mar 09 22:36 GMT
"Phase7Tests" time elapsed: 00:00:00
----------------------------------------------------------

8/14 Testing: Phase8Tests
8/14 Test: Phase8Tests
Command: "/Users/paramsaini/Desktop/siliconforge/build/tests/test_phase8"
Directory: /Users/paramsaini/Desktop/siliconforge/build/tests
"Phase8Tests" start time: Mar 09 22:36 GMT
Output:
----------------------------------------------------------

╔══════════════════════════════════════════════════╗
║  SiliconForge Phase 8 — Test Suite               ║
╚══════════════════════════════════════════════════╝

── Memory Compiler ──
Running: mem_sram
  [PASS] mem_sram
Running: mem_regfile
  [PASS] mem_regfile

── MCMM Analyzer ──
Running: mcmm_default
  [PASS] mcmm_default
Running: mcmm_custom
  [PASS] mcmm_custom

── Detailed Router ──
Running: detailed_route_small
  [PASS] detailed_route_small
Running: detailed_route_medium
  [PASS] detailed_route_medium

── Noise / PSIJ ──
Running: noise_basic
  [PASS] noise_basic

── Chip Assembler ──
Running: chip_assemble
  [PASS] chip_assemble
Running: chip_export
  [PASS] chip_export

══════════════════════════════════════════════════
  Results: 9 passed, 0 failed
══════════════════════════════════════════════════

<end of output>
Test time =   0.50 sec
----------------------------------------------------------
Test Passed.
"Phase8Tests" end time: Mar 09 22:36 GMT
"Phase8Tests" time elapsed: 00:00:00
----------------------------------------------------------

9/14 Testing: Phase9Tests
9/14 Test: Phase9Tests
Command: "/Users/paramsaini/Desktop/siliconforge/build/tests/test_phase9"
Directory: /Users/paramsaini/Desktop/siliconforge/build/tests
"Phase9Tests" start time: Mar 09 22:36 GMT
Output:
----------------------------------------------------------

╔══════════════════════════════════════════════════╗
║  SiliconForge Phase 9 — Test Suite               ║
╚══════════════════════════════════════════════════╝

── LEC ──
Running: lec_equivalent
  [PASS] lec_equivalent
Running: lec_different
  [PASS] lec_different

── CDC Analyzer ──
Running: cdc_detect
  [PASS] cdc_detect
Running: cdc_safe
  [PASS] cdc_safe

── Reliability / Aging ──
Running: reliability_basic
  [PASS] reliability_basic
Running: reliability_voltage_stress
  [PASS] reliability_voltage_stress

── Antenna Checker ──
Running: antenna_check
  [PASS] antenna_check

── Post-Route Optimizer ──
Running: postroute_opt
  [PASS] postroute_opt

══════════════════════════════════════════════════
  Results: 8 passed, 0 failed
══════════════════════════════════════════════════

<end of output>
Test time =   0.52 sec
----------------------------------------------------------
Test Passed.
"Phase9Tests" end time: Mar 09 22:36 GMT
"Phase9Tests" time elapsed: 00:00:00
----------------------------------------------------------

10/14 Testing: Phase10Tests
10/14 Test: Phase10Tests
Command: "/Users/paramsaini/Desktop/siliconforge/build/tests/test_phase10"
Directory: /Users/paramsaini/Desktop/siliconforge/build/tests
"Phase10Tests" start time: Mar 09 22:36 GMT
Output:
----------------------------------------------------------

╔══════════════════════════════════════════════════╗
║  SiliconForge Phase 10 — Test Suite              ║
╚══════════════════════════════════════════════════╝

── Clock Gating ──
Running: clock_gating
  [PASS] clock_gating

── Multi-Vt ──
Running: multi_vt_basic
  [PASS] multi_vt_basic
Running: multi_vt_deep
  [PASS] multi_vt_deep

── Hierarchy Manager ──
Running: hierarchy_basic
  [PASS] hierarchy_basic
Running: hierarchy_flatten
  [PASS] hierarchy_flatten

── Report Generator ──
Running: report_gen
  [PASS] report_gen

── Design Database ──
Running: design_db
  [PASS] design_db
Running: design_db_multi
  [PASS] design_db_multi

══════════════════════════════════════════════════
  Results: 8 passed, 0 failed
══════════════════════════════════════════════════

<end of output>
Test time =   0.52 sec
----------------------------------------------------------
Test Passed.
"Phase10Tests" end time: Mar 09 22:36 GMT
"Phase10Tests" time elapsed: 00:00:00
----------------------------------------------------------

11/14 Testing: Phase11Tests
11/14 Test: Phase11Tests
Command: "/Users/paramsaini/Desktop/siliconforge/build/tests/test_phase11"
Directory: /Users/paramsaini/Desktop/siliconforge/build/tests
"Phase11Tests" start time: Mar 09 22:36 GMT
Output:
----------------------------------------------------------

╔══════════════════════════════════════════════════╗
║  SiliconForge Phase 11 — Test Suite              ║
╚══════════════════════════════════════════════════╝

── Standalone Visualizer ──
Running: html_export
  [PASS] html_export

── ML Prediction Models ──
Running: ml_congestion
  [PASS] ml_congestion
Running: ml_timing
  [PASS] ml_timing

── AI Tuner ──
Running: ai_tuner
AI Tuner: [Iter 0] New Best! WNS=-0.15 ns, Cong=0.291667, D=0.5, W=1.5
  [PASS] ai_tuner

══════════════════════════════════════════════════
  Results: 4 passed, 0 failed
══════════════════════════════════════════════════

<end of output>
Test time =   0.47 sec
----------------------------------------------------------
Test Passed.
"Phase11Tests" end time: Mar 09 22:36 GMT
"Phase11Tests" time elapsed: 00:00:00
----------------------------------------------------------

12/14 Testing: Phase12Tests
12/14 Test: Phase12Tests
Command: "/Users/paramsaini/Desktop/siliconforge/build/tests/test_phase12"
Directory: /Users/paramsaini/Desktop/siliconforge/build/tests
"Phase12Tests" start time: Mar 09 22:36 GMT
Output:
----------------------------------------------------------

╔══════════════════════════════════════════════════╗
║  SiliconForge Phase 12 — Visualizer Test Suite   ║
╚══════════════════════════════════════════════════╝

Running: rtl_viz
  [PASS] rtl_viz
Running: sim_viz
  [PASS] sim_viz
Running: logic_viz
  [PASS] logic_viz

══════════════════════════════════════════════════
  Results: 3 passed, 0 failed
══════════════════════════════════════════════════

<end of output>
Test time =   0.48 sec
----------------------------------------------------------
Test Passed.
"Phase12Tests" end time: Mar 09 22:36 GMT
"Phase12Tests" time elapsed: 00:00:00
----------------------------------------------------------

13/14 Testing: Phase13Tests
13/14 Test: Phase13Tests
Command: "/Users/paramsaini/Desktop/siliconforge/build/tests/test_phase13"
Directory: /Users/paramsaini/Desktop/siliconforge/build/tests
"Phase13Tests" start time: Mar 09 22:36 GMT
Output:
----------------------------------------------------------

╔══════════════════════════════════════════════════╗
║  SiliconForge Phase 13 — Advanced Next-Gen Flow  ║
╚══════════════════════════════════════════════════╝

Running: sva_parsing
  [PASS] sva_parsing
Running: sva_engine_sim

Trace Table:
t=0  req=2  ack=2  fail=2
t=0  req=0  ack=0  fail=0
t=5  req=1  ack=0  fail=0
t=10  req=1  ack=0  fail=1
t=15  req=0  ack=0  fail=1
t=25  req=0  ack=0  fail=1
t=30  req=0  ack=0  fail=0
t=35  req=0  ack=0  fail=0
  [PASS] sva_engine_sim
Running: hls_parser_scheduler
  [PASS] hls_parser_scheduler
Running: tsv_insertion
  [PASS] tsv_insertion
Running: detailed_router_v2
DetailedRouterV2: Starting multi-threaded routing with 2 threads.
DetailedRouterV2: Routing complete. Total wire segments: 4
  [PASS] detailed_router_v2

══════════════════════════════════════════════════
  Results: 5 passed, 0 failed
══════════════════════════════════════════════════

<end of output>
Test time =   0.47 sec
----------------------------------------------------------
Test Passed.
"Phase13Tests" end time: Mar 09 22:36 GMT
"Phase13Tests" time elapsed: 00:00:00
----------------------------------------------------------

14/14 Testing: Phase14Tests
14/14 Test: Phase14Tests
Command: "/Users/paramsaini/Desktop/siliconforge/build/tests/test_phase14"
Directory: /Users/paramsaini/Desktop/siliconforge/build/tests
"Phase14Tests" start time: Mar 09 22:36 GMT
Output:
----------------------------------------------------------

╔══════════════════════════════════════════════════╗
║  SiliconForge Phase 14 — The Grand Finale        ║
╚══════════════════════════════════════════════════╝

Running: End-to-End Flow Validation
[SiliconForge] Reading Verilog: test_design.v
  [PASS] Netlist loaded: 7 nets, 3 gates, 0 FFs.
[SiliconForge] Parsing SVA properties...
[SiliconForge] Synthesizing Netlist to Tech Library...
  [PASS] Tech Mapping complete. 6 gates (from 6).
[SiliconForge] Initializing Floorplan [100x100]...
  [PASS] Floorplan initialized. 6 cells.
[SiliconForge] Running Analytical Placer...
  [PASS] Placement complete. HPWL: 32, Util: 1.2%
[SiliconForge] Running AI PnR Tuner...
AI Tuner: [Iter 0] New Best! WNS=-0.15 ns, Cong=0.527778, D=0.5, W=1.5
AI Tuner: [Iter 3] New Best! WNS=-0.15 ns, Cong=0.458333, D=0.8, W=1.2
  [PASS] AI Optimization applied. Best WNS: -0.15
[SiliconForge] Running Detailed Router v2 (Multi-Threaded)...
DetailedRouterV2: Starting multi-threaded routing with 4 threads.
DetailedRouterV2: Routing complete. Total wire segments: 10
  [PASS] Routing complete. 10 wires, 0 vias.
[SiliconForge] Running DRC...
  [PASS] DRC complete. 0 violations.
[SiliconForge] Running LVS...
  [PASS] LVS check. 6/6 cells matched.
[SiliconForge] Running Static Timing Analysis...
  [PASS] STA complete. WNS: 0 ns, TNS: 0 ns.
[SiliconForge] Exporting GDSII to sf_final_layout.gds...
  [PASS] GDSII written.
[SiliconForge] Generating Ultimate Dashboard HTML to siliconforge.html...
  [PASS] Dashboard saved.
  [PASS] End-to-End Flow Compilation

══════════════════════════════════════════════════
  Results: 1 passed, 0 failed
══════════════════════════════════════════════════

<end of output>
Test time =   0.54 sec
----------------------------------------------------------
Test Passed.
"Phase14Tests" end time: Mar 09 22:36 GMT
"Phase14Tests" time elapsed: 00:00:00
----------------------------------------------------------

End testing: Mar 09 22:36 GMT
